<?xml version="1.0" encoding="UTF-8"?>
<!-- Generated by org.testng.reporters.JUnitXMLReporter -->
<testsuite ignored="0" hostname="Seenivasan" failures="0" tests="3" name="POMparallelTest" time="13.04" errors="0" timestamp="2024-12-23T18:42:10 IST">
  <testcase classname="testcases.TC_002_LogoutPage" name="logOut" time="1.316"/>
  <testcase classname="testcases.TC_001_LoginPage" name="login" time="0.829"/>
  <testcase classname="testcases.TC_003_CreateAccount" name="createAccount" time="4.817"/>
</testsuite> <!-- POMparallelTest -->
