<?xml version="1.0" encoding="UTF-8"?>
<testng-results ignored="0" total="1" passed="1" failed="0" skipped="0">
  <reporter-output>
  </reporter-output>
  <suite started-at="2024-12-24T07:34:17 IST" name="Default suite" finished-at="2024-12-24T07:34:28 IST" duration-ms="11200">
    <groups>
    </groups>
    <test started-at="2024-12-24T07:34:17 IST" name="Default test" finished-at="2024-12-24T07:34:28 IST" duration-ms="11200">
      <class name="testcases.TC_003_CreateAccount">
        <test-method is-config="true" signature="preCondition()[pri:0, instance:testcases.TC_003_CreateAccount@3590fc5b]" started-at="2024-12-24T07:34:17 IST" name="preCondition" finished-at="2024-12-24T07:34:23 IST" duration-ms="6223" status="PASS">
          <reporter-output>
          </reporter-output>
        </test-method> <!-- preCondition -->
        <test-method signature="createAccount()[pri:0, instance:testcases.TC_003_CreateAccount@3590fc5b]" started-at="2024-12-24T07:34:23 IST" name="createAccount" finished-at="2024-12-24T07:34:28 IST" duration-ms="4800" status="PASS">
          <reporter-output>
          </reporter-output>
        </test-method> <!-- createAccount -->
        <test-method is-config="true" signature="postCondition()[pri:0, instance:testcases.TC_003_CreateAccount@3590fc5b]" started-at="2024-12-24T07:34:28 IST" name="postCondition" finished-at="2024-12-24T07:34:28 IST" duration-ms="141" status="PASS">
          <reporter-output>
          </reporter-output>
        </test-method> <!-- postCondition -->
      </class> <!-- testcases.TC_003_CreateAccount -->
    </test> <!-- Default test -->
  </suite> <!-- Default suite -->
</testng-results>
